<?xml version="1.0" encoding="UTF-8"?>
<testng-results skipped="0" failed="0" total="1" passed="1">
  <reporter-output>
  </reporter-output>
  <suite name="Command line suite" duration-ms="170" started-at="2016-07-30T10:10:44Z" finished-at="2016-07-30T10:10:44Z">
    <groups>
    </groups>
    <test name="Command line test" duration-ms="170" started-at="2016-07-30T10:10:44Z" finished-at="2016-07-30T10:10:44Z">
      <class name="com.javacodegeeks.testng.maven.testngMaven.AppTest">
        <test-method status="PASS" signature="testApp()[pri:0, instance:testApp(com.javacodegeeks.testng.maven.testngMaven.AppTest)]" name="testApp" duration-ms="21" started-at="2016-07-30T12:10:44Z" finished-at="2016-07-30T12:10:44Z">
          <reporter-output>
          </reporter-output>
        </test-method> <!-- testApp -->
      </class> <!-- com.javacodegeeks.testng.maven.testngMaven.AppTest -->
    </test> <!-- Command line test -->
  </suite> <!-- Command line suite -->
</testng-results>
