<?xml version="1.0" encoding="UTF-8"?>
<testng-results skipped="0" failed="0" total="2" passed="2">
  <reporter-output>
  </reporter-output>
  <suite name="Command line suite" duration-ms="1273" started-at="2016-07-30T10:10:41Z" finished-at="2016-07-30T10:10:43Z">
    <groups>
    </groups>
    <test name="Command line test" duration-ms="1273" started-at="2016-07-30T10:10:41Z" finished-at="2016-07-30T10:10:43Z">
      <class name="com.javacodegeeks.testng.maven.testngMaven.TestNgMavenExampleTest">
        <test-method status="PASS" signature="areTheNumbersEquals()[pri:0, instance:com.javacodegeeks.testng.maven.testngMaven.TestNgMavenExampleTest@34429004]" name="areTheNumbersEquals" duration-ms="264" started-at="2016-07-30T12:10:42Z" finished-at="2016-07-30T12:10:42Z">
          <reporter-output>
          </reporter-output>
        </test-method> <!-- areTheNumbersEquals -->
        <test-method status="PASS" signature="exampleOfTestNgMaven()[pri:0, instance:com.javacodegeeks.testng.maven.testngMaven.TestNgMavenExampleTest@34429004]" name="exampleOfTestNgMaven" duration-ms="14" started-at="2016-07-30T12:10:43Z" finished-at="2016-07-30T12:10:43Z">
          <reporter-output>
          </reporter-output>
        </test-method> <!-- exampleOfTestNgMaven -->
      </class> <!-- com.javacodegeeks.testng.maven.testngMaven.TestNgMavenExampleTest -->
    </test> <!-- Command line test -->
  </suite> <!-- Command line suite -->
</testng-results>
