<?xml version="1.0" encoding="UTF-8"?>
<!-- Generated by org.testng.reporters.JUnitXMLReporter -->
<testsuite hostname="fmaraque" name="Command line test" tests="2" failures="1" timestamp="30 Jul 2016 09:30:47 GMT" time="1.369" errors="0">
  <testcase name="areTheNumbersEquals" time="0.178" classname="com.javacodegeeks.testng.maven.testngMaven.TestNgMavenExampleTest">
    <failure type="java.lang.AssertionError" message="Number aren&amp;apos;t the same expected [2] but found [3]">
      <![CDATA[java.lang.AssertionError: Number aren't the same expected [2] but found [3]
	at com.javacodegeeks.testng.maven.testngMaven.TestNgMavenExampleTest.areTheNumbersEquals(TestNgMavenExampleTest.java:15)
... Removed 38 stack frames]]>
    </failure>
  </testcase> <!-- areTheNumbersEquals -->
  <testcase name="exampleOfTestNgMaven" time="0.003" classname="com.javacodegeeks.testng.maven.testngMaven.TestNgMavenExampleTest"/>
</testsuite> <!-- Command line test -->
