<?xml version="1.0" encoding="UTF-8"?>
<!-- Generated by org.testng.reporters.JUnitXMLReporter -->
<testsuite hostname="fmaraque" name="Command line test" tests="2" failures="0" timestamp="30 Jul 2016 10:10:43 GMT" time="1.273" errors="0">
  <testcase name="areTheNumbersEquals" time="0.264" classname="com.javacodegeeks.testng.maven.testngMaven.TestNgMavenExampleTest"/>
  <testcase name="exampleOfTestNgMaven" time="0.014" classname="com.javacodegeeks.testng.maven.testngMaven.TestNgMavenExampleTest"/>
</testsuite> <!-- Command line test -->
